app/build/intermediates/manifest_merge_blame_file/debug/manifest-merger-blame-debug-report.txt
1<?xml version="1.0" encoding="utf-8"?>
2<manifest xmlns:android="http://schemas.android.com/apk/res/android"
3    package="shreks.androidinterview"
4    android:versionCode="2"
5    android:versionName="1.1" >
6
7    <uses-sdk
8        android:minSdkVersion="22"
8-->src\main\AndroidManifest.xml
9        android:targetSdkVersion="29" />
9-->src\main\AndroidManifest.xml
10
11    <application
11-->src\main\AndroidManifest.xml:5:5-21:19
12        android:allowBackup="true"
12-->src\main\AndroidManifest.xml:6:9-35
13        android:debuggable="true"
14        android:icon="@drawable/android_icon"
14-->src\main\AndroidManifest.xml:7:9-46
15        android:label="@string/app_name"
15-->src\main\AndroidManifest.xml:8:9-41
16        android:testOnly="true"
17        android:theme="@style/AppTheme" >
17-->src\main\AndroidManifest.xml:9:9-40
18        <activity
18-->src\main\AndroidManifest.xml:10:9-18:20
19            android:name="shreks.androidinterview.FrontPage"
19-->src\main\AndroidManifest.xml:11:13-61
20            android:label="@string/app_name" >
20-->src\main\AndroidManifest.xml:12:13-45
21            <intent-filter>
21-->src\main\AndroidManifest.xml:13:13-17:29
22                <action android:name="android.intent.action.MAIN" />
22-->src\main\AndroidManifest.xml:14:17-69
22-->src\main\AndroidManifest.xml:14:25-66
23
24                <category android:name="android.intent.category.LAUNCHER" />
24-->src\main\AndroidManifest.xml:16:17-77
24-->src\main\AndroidManifest.xml:16:27-74
25            </intent-filter>
26        </activity>
27        <activity android:name="shreks.androidinterview.Simple_question" />
27-->src\main\AndroidManifest.xml:19:9-61
27-->src\main\AndroidManifest.xml:19:19-49
28        <activity android:name="shreks.androidinterview.Tough_question" />
28-->src\main\AndroidManifest.xml:20:9-60
28-->src\main\AndroidManifest.xml:20:19-48
29    </application>
30
31</manifest>